#
# There is insufficient memory for the Java Runtime Environment to continue.
# Native memory allocation (mmap) failed to map 201326592 bytes for Failed to commit area from 0x0000000741400000 to 0x000000074d400000 of length 201326592.
# Possible reasons:
#   The system is out of physical RAM or swap space
#   The process is running with CompressedOops enabled, and the Java Heap may be blocking the growth of the native heap
# Possible solutions:
#   Reduce memory load on the system
#   Increase physical memory or swap space
#   Check if swap backing store is full
#   Decrease Java heap size (-Xmx/-Xms)
#   Decrease number of Java threads
#   Decrease Java thread stack sizes (-Xss)
#   Set larger code cache with -XX:ReservedCodeCacheSize=
# This output file may be truncated or incomplete.
#
#  Out of Memory Error (t:/workspace/open/src/hotspot/os/windows/os_windows.cpp:3271), pid=8788, tid=8084
#
# JRE version:  (11.0.6+8) (build )
# Java VM: Java HotSpot(TM) 64-Bit Server VM (11.0.6+8-LTS, mixed mode, sharing, tiered, compressed oops, g1 gc, windows-amd64)
# No core dump will be written. Minidumps are not enabled by default on client versions of Windows
#

---------------  S U M M A R Y ------------

Command Line: -Dfile.encoding=Cp1251 --module-path=D:\Program\Java repos\Laba8\bin -Djdk.module.main=Laba8 Laba8/Laba8.Hrianyk_Heorhii_08

Host: Intel(R) Core(TM) i3-4005U CPU @ 1.70GHz, 4 cores, 11G,  Windows 10 , 64 bit Build 14393 (10.0.14393.2214)
Time: Mon Nov 16 22:51:12 2020 Oeieyiaey (ceia) elapsed time: 0 seconds (0d 0h 0m 0s)

---------------  T H R E A D  ---------------

Current thread (0x000001f486d86800):  JavaThread "Unknown thread" [_thread_in_vm, id=8084, stack(0x00000005afc00000,0x00000005afd00000)]

Stack: [0x00000005afc00000,0x00000005afd00000]
Native frames: (J=compiled Java code, j=interpreted, Vv=VM code, C=native code)
V  [jvm.dll+0x63679a]
V  [jvm.dll+0x7755bf]
V  [jvm.dll+0x776c65]
V  [jvm.dll+0x7772d3]
V  [jvm.dll+0x25e7f8]
V  [jvm.dll+0x633c4a]
V  [jvm.dll+0x628625]
V  [jvm.dll+0x314a7c]
V  [jvm.dll+0x314902]
V  [jvm.dll+0x31a176]
V  [jvm.dll+0x36650f]
V  [jvm.dll+0x365f30]
V  [jvm.dll+0x2f1a78]
V  [jvm.dll+0x2f2bf6]
V  [jvm.dll+0x74e707]
V  [jvm.dll+0x74fe7f]
V  [jvm.dll+0x373349]
V  [jvm.dll+0x734e5e]
V  [jvm.dll+0x3e2b5d]
V  [jvm.dll+0x3e4ef1]
C  [javaw.exe+0x3617]
C  [javaw.exe+0x17e2c]
C  [KERNEL32.DLL+0x8364]
C  [ntdll.dll+0x670b1]


---------------  P R O C E S S  ---------------

Threads class SMR info:
_java_thread_list=0x000001f486bde9f0, length=0, elements={
}

Java Threads: ( => current thread )

Other Threads:
  0x000001f486d9b800 GCTaskThread "GC Thread#0" [stack: 0x00000005afd00000,0x00000005afe00000] [id=10036]
  0x000001f486de1800 ConcurrentGCThread "G1 Main Marker" [stack: 0x00000005afe00000,0x00000005aff00000] [id=724]
  0x000001f486de5800 ConcurrentGCThread "G1 Conc#0" [stack: 0x00000005aff00000,0x00000005b0000000] [id=5960]

[error occurred during error reporting (printing all threads), id 0xc0000005, EXCEPTION_ACCESS_VIOLATION (0xc0000005) at pc=0x00007ffbefc20207]

VM state:not at safepoint (not fully initialized)

VM Mutex/Monitor currently owned by a thread:  ([mutex/lock_event])
[0x000001f486d85580] Heap_lock - owner thread: 0x000001f486d86800

Heap address: 0x0000000741400000, size: 3052 MB, Compressed Oops mode: Non-zero based: 0x0000000741400000
Narrow klass base: 0x0000000000000000, Narrow klass shift: 0

GC Heap History (0 events):
No events

Deoptimization events (0 events):
No events

Classes redefined (0 events):
No events

Internal exceptions (0 events):
No events

Events (0 events):
No events


Dynamic libraries:
0x00007ff64fab0000 - 0x00007ff64faf7000 	C:\Program Files\Java\jdk-11.0.6\bin\javaw.exe
0x00007ffc25c50000 - 0x00007ffc25e22000 	C:\Windows\SYSTEM32\ntdll.dll
0x00007ffc251f0000 - 0x00007ffc2529c000 	C:\Windows\System32\KERNEL32.DLL
0x00007ffc22850000 - 0x00007ffc22a6d000 	C:\Windows\System32\KERNELBASE.dll
0x00007ffc23870000 - 0x00007ffc23912000 	C:\Windows\System32\ADVAPI32.dll
0x00007ffc236d0000 - 0x00007ffc2376e000 	C:\Windows\System32\msvcrt.dll
0x00007ffc23930000 - 0x00007ffc23989000 	C:\Windows\System32\sechost.dll
0x00007ffc233a0000 - 0x00007ffc234c1000 	C:\Windows\System32\RPCRT4.dll
0x00007ffc24fc0000 - 0x00007ffc25125000 	C:\Windows\System32\USER32.dll
0x00007ffc22150000 - 0x00007ffc2216e000 	C:\Windows\System32\win32u.dll
0x00007ffc239f0000 - 0x00007ffc23a24000 	C:\Windows\System32\GDI32.dll
0x00007ffc22a70000 - 0x00007ffc22bf0000 	C:\Windows\System32\gdi32full.dll
0x00007ffc1ce00000 - 0x00007ffc1d07a000 	C:\Windows\WinSxS\amd64_microsoft.windows.common-controls_6595b64144ccf1df_6.0.14393.953_none_42151e83c686086b\COMCTL32.dll
0x00007ffc252d0000 - 0x00007ffc25598000 	C:\Windows\System32\combase.dll
0x00007ffc22c90000 - 0x00007ffc22d85000 	C:\Windows\System32\ucrtbase.dll
0x00007ffc22d90000 - 0x00007ffc22dfa000 	C:\Windows\System32\bcryptPrimitives.dll
0x00007ffc1df20000 - 0x00007ffc1df2a000 	C:\Windows\SYSTEM32\VERSION.dll
0x00007ffc252a0000 - 0x00007ffc252ce000 	C:\Windows\System32\IMM32.DLL
0x00007ffc1d090000 - 0x00007ffc1d0a6000 	C:\Program Files\Java\jdk-11.0.6\bin\vcruntime140.dll
0x00007ffbf9a50000 - 0x00007ffbf9afa000 	C:\Program Files\Java\jdk-11.0.6\bin\msvcp140.dll
0x00007ffbef920000 - 0x00007ffbf0449000 	C:\Program Files\Java\jdk-11.0.6\bin\server\jvm.dll
0x00007ffc23aa0000 - 0x00007ffc23aa8000 	C:\Windows\System32\PSAPI.DLL
0x00007ffc20550000 - 0x00007ffc20573000 	C:\Windows\SYSTEM32\WINMM.dll
0x00007ffc17d70000 - 0x00007ffc17d79000 	C:\Windows\SYSTEM32\WSOCK32.dll
0x00007ffc25be0000 - 0x00007ffc25c4a000 	C:\Windows\System32\WS2_32.dll
0x000001f486d40000 - 0x000001f486d6b000 	C:\Windows\SYSTEM32\WINMMBASE.dll
0x00007ffc22e00000 - 0x00007ffc22e42000 	C:\Windows\System32\cfgmgr32.dll
0x00007ffc22140000 - 0x00007ffc2214f000 	C:\Windows\System32\kernel.appcore.dll
0x00007ffc160b0000 - 0x00007ffc160c1000 	C:\Program Files\Java\jdk-11.0.6\bin\verify.dll
0x00007ffc19710000 - 0x00007ffc198a2000 	C:\Windows\SYSTEM32\DBGHELP.DLL
0x00007ffc12d60000 - 0x00007ffc12d89000 	C:\Windows\SYSTEM32\dbgcore.DLL
0x00007ffc0f1b0000 - 0x00007ffc0f1d9000 	C:\Program Files\Java\jdk-11.0.6\bin\java.dll
0x00007ffc06d20000 - 0x00007ffc06d36000 	C:\Program Files\Java\jdk-11.0.6\bin\zip.dll
0x00007ffc1fc10000 - 0x00007ffc1fc1a000 	C:\Program Files\Java\jdk-11.0.6\bin\jimage.dll

dbghelp: loaded successfully - version: 4.0.5 - missing functions: none
symbol engine: initialized successfully - sym options: 0x614 - pdb path: .;C:\Program Files\Java\jdk-11.0.6\bin;C:\Windows\SYSTEM32;C:\Windows\WinSxS\amd64_microsoft.windows.common-controls_6595b64144ccf1df_6.0.14393.953_none_42151e83c686086b;C:\Program Files\Java\jdk-11.0.6\bin\server

VM Arguments:
jvm_args: -Dfile.encoding=Cp1251 --module-path=D:\Program\Java repos\Laba8\bin -Djdk.module.main=Laba8 
java_command: Laba8/Laba8.Hrianyk_Heorhii_08
java_class_path (initial): <not set>
Launcher Type: SUN_STANDARD

[Global flags]
     intx CICompilerCount                          = 3                                         {product} {ergonomic}
     uint ConcGCThreads                            = 1                                         {product} {ergonomic}
     uint G1ConcRefinementThreads                  = 4                                         {product} {ergonomic}
   size_t G1HeapRegionSize                         = 1048576                                   {product} {ergonomic}
    uintx GCDrainStackTargetSize                   = 64                                        {product} {ergonomic}
   size_t InitialHeapSize                          = 201326592                                 {product} {ergonomic}
   size_t MarkStackSize                            = 4194304                                   {product} {ergonomic}
   size_t MaxHeapSize                              = 3200253952                                {product} {ergonomic}
   size_t MinHeapDeltaBytes                        = 1048576                                   {product} {ergonomic}
    uintx NonNMethodCodeHeapSize                   = 5830732                                {pd product} {ergonomic}
    uintx NonProfiledCodeHeapSize                  = 122913754                              {pd product} {ergonomic}
    uintx ProfiledCodeHeapSize                     = 122913754                              {pd product} {ergonomic}
    uintx ReservedCodeCacheSize                    = 251658240                              {pd product} {ergonomic}
     bool SegmentedCodeCache                       = true                                      {product} {ergonomic}
     bool UseCompressedClassPointers               = true                                 {lp64_product} {ergonomic}
     bool UseCompressedOops                        = true                                 {lp64_product} {ergonomic}
     bool UseG1GC                                  = true                                      {product} {ergonomic}
     bool UseLargePagesIndividualAllocation        = false                                  {pd product} {ergonomic}

Logging:
Log output configuration:
 #0: stdout all=warning uptime,level,tags
 #1: stderr all=off uptime,level,tags

Environment Variables:
PATH=C:/Program Files/AdoptOpenJDK/jdk-11.0.8.10-hotspot/bin/client;C:/Program Files/AdoptOpenJDK/jdk-11.0.8.10-hotspot/bin;C:\Program Files\AdoptOpenJDK\jdk-11.0.8.10-hotspot\bin;C:\Windows\system32;C:\Windows;C:\Windows\System32\Wbem;C:\Windows\System32\WindowsPowerShell\v1.0\;C:\Program Files\dotnet\;C:\Program Files\Microsoft SQL Server\Client SDK\ODBC\170\Tools\Binn\;C:\Program Files\Microsoft SQL Server\Client SDK\ODBC\130\Tools\Binn\;C:\Program Files (x86)\Microsoft SQL Server\140\Tools\Binn\;C:\Program Files\Microsoft SQL Server\140\Tools\Binn\;C:\Program Files\Microsoft SQL Server\140\DTS\Binn\;C:\Program Files\doxygen\bin;c:\Program Files\doxygen\mscgen;C:\Program Files\Git\cmd;C:\Program Files (x86)\Windows Kits\10\Windows Performance Toolkit\;C:\Program Files\MySQL\MySQL Shell 8.0\bin\;C:\Users\дом\AppData\Local\Microsoft\WindowsApps;D:\Program\Java\IntelliJ IDEA Community Edition 2020.2.1\bin;;C:\Users\дом\AppData\Local\GitHubDesktop\bin;D:\Program\Java\eclipse;
USERNAME=Георгiй
OS=Windows_NT
PROCESSOR_IDENTIFIER=Intel64 Family 6 Model 69 Stepping 1, GenuineIntel



---------------  S Y S T E M  ---------------

OS: Windows 10 , 64 bit Build 14393 (10.0.14393.2214)

CPU:total 4 (initial active 4) (2 cores per cpu, 2 threads per core) family 6 model 69 stepping 1, cmov, cx8, fxsr, mmx, sse, sse2, sse3, ssse3, sse4.1, sse4.2, popcnt, avx, avx2, aes, clmul, erms, lzcnt, ht, tsc, tscinvbit, bmi1, bmi2, fma

Memory: 4k page, system-wide physical 12204M (3780M free)
TotalPageFile size 12204M (AvailPageFile size 192M)
current process WorkingSet (physical memory assigned to process): 9M, peak: 9M
current process commit charge ("private bytes"): 51M, peak: 243M

vm_info: Java HotSpot(TM) 64-Bit Server VM (11.0.6+8-LTS) for windows-amd64 JRE (11.0.6+8-LTS), built on Dec 11 2019 09:17:57 by "mach5one" with MS VC++ 15.5 (VS2017)

END.
